<?xml version="1.0" encoding="UTF-8"?>
<!-- Generated by org.testng.reporters.JUnitReportReporter -->
<testsuite hostname="RDAWOODA-227HX" name="testCases.VerifyLoginPage" tests="1" failures="0" timestamp="15 Aug 2018 06:26:04 GMT" time="58.179" errors="0">
  <testcase name="testHomePage" time="58.179" classname="testCases.VerifyLoginPage"/>
</testsuite> <!-- testCases.VerifyLoginPage -->
