<?xml version="1.0" encoding="UTF-8"?>
<!-- Generated by org.testng.reporters.JUnitReportReporter -->
<testsuite hostname="RDAWOODA-227HX" name="testCases.VerifyHomePage" tests="1" failures="0" timestamp="15 Aug 2018 06:26:04 GMT" time="40.396" errors="0">
  <testcase name="testHomePage" time="40.396" classname="testCases.VerifyHomePage"/>
</testsuite> <!-- testCases.VerifyHomePage -->
