<?xml version="1.0" encoding="UTF-8"?>
<!-- Generated by org.testng.reporters.JUnitReportReporter -->
<testsuite hostname="RDAWOODA-227HX" name="testCases.ReadDataFromExcel" tests="1" failures="0" timestamp="15 Aug 2018 05:51:03 GMT" time="0.693" errors="0">
  <testcase name="getData" time="0.693" classname="testCases.ReadDataFromExcel"/>
</testsuite> <!-- testCases.ReadDataFromExcel -->
